Build started 02/10/2019 19:09:30.
     1>Project "C:\Users\Fernando Elias\Documents\TP1_Avancada\Codigos\TP1V1\TP1V1\TP1V1.vcxproj" on node 2 (Build target(s)).
     1>ClCompile:
         C:\Program Files (x86)\Microsoft Visual Studio 11.0\VC\bin\CL.exe /c /AI"C:\Program Files (x86)\Reference Assemblies\Microsoft\Framework\.NETFramework\v4.5\\" /AI"C:\Program Files (x86)\Windows Kits\8.0\References\CommonConfiguration\Neutral" /AI"C:\Program Files (x86)\Reference Assemblies\Microsoft\Framework\.NETFramework\v4.5\Facades\\" /Zi /clr /nologo /W3 /WX- /Od /Oy- /D WIN32 /D _DEBUG /D _UNICODE /D UNICODE /EHa /MDd /GS /fp:precise /Zc:wchar_t /Zc:forScope /Fo"Debug\\" /Fd"Debug\vc110.pdb" /TP /FU"C:\Program Files (x86)\Reference Assemblies\Microsoft\Framework\.NETFramework\v4.5\mscorlib.dll" /analyze- /errorReport:prompt /clr:nostdlib Bebida.cpp Itens.cpp Lanche.cpp Sobremesa.cpp ThreadObject.cpp
         Bebida.cpp
     1>c:\users\fernando elias\documents\tp1_avancada\codigos\tp1v1\tp1v1\Bebida.h(9): error C2146: syntax error : missing ';' before identifier 'nome'
     1>c:\users\fernando elias\documents\tp1_avancada\codigos\tp1v1\tp1v1\Bebida.h(9): error C4430: missing type specifier - int assumed. Note: C++ does not support default-int
     1>c:\users\fernando elias\documents\tp1_avancada\codigos\tp1v1\tp1v1\Bebida.h(21): error C2146: syntax error : missing ';' before identifier 'getNome'
     1>c:\users\fernando elias\documents\tp1_avancada\codigos\tp1v1\tp1v1\Bebida.h(21): error C4430: missing type specifier - int assumed. Note: C++ does not support default-int
     1>c:\users\fernando elias\documents\tp1_avancada\codigos\tp1v1\tp1v1\Bebida.h(21): warning C4183: 'getNome': missing return type; assumed to be a member function returning 'int'
         Itens.cpp
     1>Itens.cpp(32): error C3892: 'nMaximo' : you cannot assign to a variable that is const
         Lanche.cpp
     1>c:\users\fernando elias\documents\tp1_avancada\codigos\tp1v1\tp1v1\Lanche.h(9): error C2146: syntax error : missing ';' before identifier 'tipo'
     1>c:\users\fernando elias\documents\tp1_avancada\codigos\tp1v1\tp1v1\Lanche.h(9): error C4430: missing type specifier - int assumed. Note: C++ does not support default-int
     1>c:\users\fernando elias\documents\tp1_avancada\codigos\tp1v1\tp1v1\Lanche.h(12): error C2061: syntax error : identifier 'string'
     1>c:\users\fernando elias\documents\tp1_avancada\codigos\tp1v1\tp1v1\Lanche.h(15): error C2146: syntax error : missing ';' before identifier 'getTipo'
     1>c:\users\fernando elias\documents\tp1_avancada\codigos\tp1v1\tp1v1\Lanche.h(15): error C4430: missing type specifier - int assumed. Note: C++ does not support default-int
     1>c:\users\fernando elias\documents\tp1_avancada\codigos\tp1v1\tp1v1\Lanche.h(15): warning C4183: 'getTipo': missing return type; assumed to be a member function returning 'int'
         Sobremesa.cpp
     1>c:\users\fernando elias\documents\tp1_avancada\codigos\tp1v1\tp1v1\Sobremesa.h(9): error C2146: syntax error : missing ';' before identifier 'nome'
     1>c:\users\fernando elias\documents\tp1_avancada\codigos\tp1v1\tp1v1\Sobremesa.h(9): error C4430: missing type specifier - int assumed. Note: C++ does not support default-int
     1>c:\users\fernando elias\documents\tp1_avancada\codigos\tp1v1\tp1v1\Sobremesa.h(17): error C2146: syntax error : missing ';' before identifier 'getNome'
     1>c:\users\fernando elias\documents\tp1_avancada\codigos\tp1v1\tp1v1\Sobremesa.h(17): error C4430: missing type specifier - int assumed. Note: C++ does not support default-int
     1>c:\users\fernando elias\documents\tp1_avancada\codigos\tp1v1\tp1v1\Sobremesa.h(17): warning C4183: 'getNome': missing return type; assumed to be a member function returning 'int'
         ThreadObject.cpp
     1>c:\users\fernando elias\documents\tp1_avancada\codigos\tp1v1\tp1v1\ThreadObject.h(9): fatal error C1083: Cannot open include file: 'MyForm.h': No such file or directory
         Generating Code...
     1>Done Building Project "C:\Users\Fernando Elias\Documents\TP1_Avancada\Codigos\TP1V1\TP1V1\TP1V1.vcxproj" (Build target(s)) -- FAILED.

Build FAILED.

Time Elapsed 00:00:06.65
